<?xml version="1.0" encoding="UTF-8"?>
<!-- Generated by org.testng.reporters.JUnitReportReporter -->
<testsuite hostname="LAPTOP-4SG5IKJK" failures="0" tests="1" name="smartTech.ny.myrunner.MyRunner" time="9.525" errors="0" timestamp="2023-05-10T23:16:23 EDT" skipped="0">
  <testcase classname="smartTech.ny.myrunner.MyRunner" name="runScenario" time="9.525"/>
  <system-out/>
</testsuite> <!-- smartTech.ny.myrunner.MyRunner -->
